<?xml version="1.0" encoding="UTF-8"?>
<testsuite classname="behat.features" errors="0" failures="1" name="As a user I want to be able to do shopping list activity" file="D:\Rubies(autoscripts)\functional\features\ShoppingList\shopping_list.feature" tests="8" time="41.668383">
    <testcase classname="As a user I want to be able to do shopping list activity" name="Customer delete Shopping list from shopping list page" time="41.662383">
        <failure message="Unable to locate window &quot;&quot;
Build info: version: '2.53.1', revision: 'a36b8b1', time: '2016-06-30 17:37:03'
System info: host: 'AlexKusakin', ip: '10.9.1.115', os.name: 'Windows 7', os.arch: 'amd64', os.version: '6.1', java.version: '1.8.0_121'
Driver info: driver.version: unknown" type="failed"><![CDATA[
exception 'WebDriver\Exception\NoSuchWindow' with message 'Unable to locate window ""
Build info: version: '2.53.1', revision: 'a36b8b1', time: '2016-06-30 17:37:03'
System info: host: 'AlexKusakin', ip: '10.9.1.115', os.name: 'Windows 7', os.arch: 'amd64', os.version: '6.1', java.version: '1.8.0_121'
Driver info: driver.version: unknown' in D:\Rubies(autoscripts)\functional\vendor\instaclick\php-webdriver\lib\WebDriver\Exception.php:157
Stack trace:
#0 D:\Rubies(autoscripts)\functional\vendor\instaclick\php-webdriver\lib\WebDriver\AbstractWebDriver.php(140): WebDriver\Exception::factory(23, 'Unable to locat...')
#1 D:\Rubies(autoscripts)\functional\vendor\instaclick\php-webdriver\lib\WebDriver\Session.php(266): WebDriver\AbstractWebDriver->curl('POST', '/window', Array)
#2 D:\Rubies(autoscripts)\functional\vendor\behat\mink-selenium2-driver\src\Behat\Mink\Driver\Selenium2Driver.php(350): WebDriver\Session->focusWindow('')
#3 D:\Rubies(autoscripts)\functional\features\bootstrap\FeatureContext.php(415): Behat\Mink\Driver\Selenium2Driver->switchToWindow(0)
#4 [internal function]: FeatureContext->iConfirmPopup()
#5 D:\Rubies(autoscripts)\functional\vendor\behat\behat\src\Behat\Behat\Definition\Annotation\Definition.php(155): call_user_func_array(Array, Array)
#6 D:\Rubies(autoscripts)\functional\vendor\behat\behat\src\Behat\Behat\Tester\StepTester.php(157): Behat\Behat\Definition\Annotation\Definition->run(Object(FeatureContext))
#7 D:\Rubies(autoscripts)\functional\vendor\behat\behat\src\Behat\Behat\Tester\StepTester.php(126): Behat\Behat\Tester\StepTester->executeStepDefinition(Object(Behat\Gherkin\Node\StepNode), Object(Behat\Behat\Definition\Annotation\When))
#8 D:\Rubies(autoscripts)\functional\vendor\behat\behat\src\Behat\Behat\Tester\StepTester.php(95): Behat\Behat\Tester\StepTester->executeStep(Object(Behat\Gherkin\Node\StepNode))
#9 D:\Rubies(autoscripts)\functional\vendor\behat\gherkin\src\Behat\Gherkin\Node\AbstractNode.php(42): Behat\Behat\Tester\StepTester->visit(Object(Behat\Gherkin\Node\StepNode))
#10 D:\Rubies(autoscripts)\functional\vendor\behat\behat\src\Behat\Behat\Tester\ScenarioTester.php(148): Behat\Gherkin\Node\AbstractNode->accept(Object(Behat\Behat\Tester\StepTester))
#11 D:\Rubies(autoscripts)\functional\vendor\behat\behat\src\Behat\Behat\Tester\ScenarioTester.php(87): Behat\Behat\Tester\ScenarioTester->visitStep(Object(Behat\Gherkin\Node\StepNode), Object(Behat\Gherkin\Node\ScenarioNode), Object(FeatureContext), Array, false)
#12 D:\Rubies(autoscripts)\functional\vendor\behat\gherkin\src\Behat\Gherkin\Node\AbstractNode.php(42): Behat\Behat\Tester\ScenarioTester->visit(Object(Behat\Gherkin\Node\ScenarioNode))
#13 D:\Rubies(autoscripts)\functional\vendor\behat\behat\src\Behat\Behat\Tester\FeatureTester.php(88): Behat\Gherkin\Node\AbstractNode->accept(Object(Behat\Behat\Tester\ScenarioTester))
#14 D:\Rubies(autoscripts)\functional\vendor\behat\gherkin\src\Behat\Gherkin\Node\AbstractNode.php(42): Behat\Behat\Tester\FeatureTester->visit(Object(Behat\Gherkin\Node\FeatureNode))
#15 D:\Rubies(autoscripts)\functional\vendor\behat\behat\src\Behat\Behat\Console\Command\BehatCommand.php(150): Behat\Gherkin\Node\AbstractNode->accept(Object(Behat\Behat\Tester\FeatureTester))
#16 D:\Rubies(autoscripts)\functional\vendor\behat\behat\src\Behat\Behat\Console\Command\BehatCommand.php(128): Behat\Behat\Console\Command\BehatCommand->runFeatures(Object(Behat\Gherkin\Gherkin))
#17 D:\Rubies(autoscripts)\functional\vendor\symfony\console\Symfony\Component\Console\Command\Command.php(242): Behat\Behat\Console\Command\BehatCommand->execute(Object(Symfony\Component\Console\Input\ArgvInput), Object(Symfony\Component\Console\Output\ConsoleOutput))
#18 D:\Rubies(autoscripts)\functional\vendor\symfony\console\Symfony\Component\Console\Application.php(200): Symfony\Component\Console\Command\Command->run(Object(Symfony\Component\Console\Input\ArgvInput), Object(Symfony\Component\Console\Output\ConsoleOutput))
#19 D:\Rubies(autoscripts)\functional\vendor\behat\behat\src\Behat\Behat\Console\BehatApplication.php(68): Symfony\Component\Console\Application->doRun(Object(Symfony\Component\Console\Input\ArgvInput), Object(Symfony\Component\Console\Output\ConsoleOutput))
#20 D:\Rubies(autoscripts)\functional\vendor\symfony\console\Symfony\Component\Console\Application.php(106): Behat\Behat\Console\BehatApplication->doRun(Object(Symfony\Component\Console\Input\ArgvInput), Object(Symfony\Component\Console\Output\ConsoleOutput))
#21 D:\Rubies(autoscripts)\functional\vendor\behat\behat\bin\behat(32): Symfony\Component\Console\Application->run()
#22 {main}
]]></failure>
    </testcase>
</testsuite>
