<?xml version="1.0" encoding="UTF-8"?>
<testsuite classname="behat.features" errors="0" failures="0" name="As a user I want to be check search functionality" file="D:\Rubies(autoscripts)\functional\features\Search\search.feature" tests="5" time="45.101580">
    <testcase classname="As a user I want to be check search functionality" name="As user I want to see result &quot;star wars&quot;" time="45.058577">
    </testcase>
</testsuite>
