<?xml version="1.0" encoding="UTF-8"?>
<testsuite classname="behat.features" errors="0" failures="0" name="As a user I want to be able to checkout products" file="D:\RenegateBrand\functional\features\Checkout_RB\paypal.feature" tests="28" time="123.970973">
    <testcase classname="As a user I want to be able to checkout products" name="Sign in on checkout and PayPal payment method" time="123.970973">
    </testcase>
</testsuite>
