<?xml version="1.0" encoding="UTF-8"?>
<testsuite classname="behat.features" errors="0" failures="1" name="As a user I want to be able to checkout products" file="D:\RenegateBrand\functional\features\Checkout_RB\Checkout_RB.feature" tests="36" time="118.135192">
    <testcase classname="As a user I want to be able to checkout products" name="Sign in on checkout and PayPal payment method" time="118.125192">
        <failure message="Catchable Fatal Error: Object of class Behat\Mink\Element\NodeElement could not be converted to string in D:\RenegateBrand\functional\vendor\irs\behat-uimap-extension\src\Irs\BehatUimapExtension\Page.php line 231" type="failed"><![CDATA[
exception 'Behat\Behat\Exception\ErrorException' with message 'Catchable Fatal Error: Object of class Behat\Mink\Element\NodeElement could not be converted to string in D:\RenegateBrand\functional\vendor\irs\behat-uimap-extension\src\Irs\BehatUimapExtension\Page.php line 231' in D:\RenegateBrand\functional\vendor\behat\behat\src\Behat\Behat\Definition\Annotation\Definition.php:122
Stack trace:
#0 D:\RenegateBrand\functional\vendor\irs\behat-uimap-extension\src\Irs\BehatUimapExtension\Page.php(231): Behat\Behat\Definition\Annotation\Definition->errorHandler(4096, 'Object of class...', 'D:\\RenegateBran...', 231, Array)
#1 D:\RenegateBrand\functional\vendor\irs\behat-uimap-extension\src\Irs\BehatUimapExtension\UimapSelector.php(59): Irs\BehatUimapExtension\Page->getXpath(Object(Irs\BehatUimapExtension\Locator))
#2 D:\RenegateBrand\functional\vendor\behat\mink\src\Behat\Mink\Selector\SelectorsHandler.php(94): Irs\BehatUimapExtension\UimapSelector->translateToXPath(Object(Irs\BehatUimapExtension\Locator))
#3 D:\RenegateBrand\functional\vendor\behat\mink\src\Behat\Mink\Element\Element.php(82): Behat\Mink\Selector\SelectorsHandler->selectorToXpath('uimap', Object(Irs\BehatUimapExtension\Locator))
#4 D:\RenegateBrand\functional\vendor\behat\mink\src\Behat\Mink\Element\Element.php(67): Behat\Mink\Element\Element->findAll('uimap', Object(Irs\BehatUimapExtension\Locator))
#5 D:\RenegateBrand\functional\vendor\irs\behat-uimap-extension\src\Irs\BehatUimapExtension\Context\UimapContext.php(357): Behat\Mink\Element\Element->find('uimap', Object(Irs\BehatUimapExtension\Locator))
#6 D:\RenegateBrand\functional\features\bootstrap\FeatureContext.php(185): FeatureContext->findField(Object(Behat\Mink\Element\NodeElement), 'field', NULL, NULL, Array)
#7 D:\RenegateBrand\functional\features\bootstrap\FeatureContext.php(312): FeatureContext->fillField(Object(Behat\Mink\Element\NodeElement), 'buyer@guidance....')
#8 [internal function]: FeatureContext->fillPayPalLoginForm()
#9 D:\RenegateBrand\functional\vendor\behat\behat\src\Behat\Behat\Definition\Annotation\Definition.php(155): call_user_func_array(Array, Array)
#10 D:\RenegateBrand\functional\vendor\behat\behat\src\Behat\Behat\Tester\StepTester.php(157): Behat\Behat\Definition\Annotation\Definition->run(Object(FeatureContext))
#11 D:\RenegateBrand\functional\vendor\behat\behat\src\Behat\Behat\Tester\StepTester.php(126): Behat\Behat\Tester\StepTester->executeStepDefinition(Object(Behat\Gherkin\Node\StepNode), Object(Behat\Behat\Definition\Annotation\When))
#12 D:\RenegateBrand\functional\vendor\behat\behat\src\Behat\Behat\Tester\StepTester.php(95): Behat\Behat\Tester\StepTester->executeStep(Object(Behat\Gherkin\Node\StepNode))
#13 D:\RenegateBrand\functional\vendor\behat\gherkin\src\Behat\Gherkin\Node\AbstractNode.php(42): Behat\Behat\Tester\StepTester->visit(Object(Behat\Gherkin\Node\StepNode))
#14 D:\RenegateBrand\functional\vendor\behat\behat\src\Behat\Behat\Tester\ScenarioTester.php(148): Behat\Gherkin\Node\AbstractNode->accept(Object(Behat\Behat\Tester\StepTester))
#15 D:\RenegateBrand\functional\vendor\behat\behat\src\Behat\Behat\Tester\ScenarioTester.php(87): Behat\Behat\Tester\ScenarioTester->visitStep(Object(Behat\Gherkin\Node\StepNode), Object(Behat\Gherkin\Node\ScenarioNode), Object(FeatureContext), Array, false)
#16 D:\RenegateBrand\functional\vendor\behat\gherkin\src\Behat\Gherkin\Node\AbstractNode.php(42): Behat\Behat\Tester\ScenarioTester->visit(Object(Behat\Gherkin\Node\ScenarioNode))
#17 D:\RenegateBrand\functional\vendor\behat\behat\src\Behat\Behat\Tester\FeatureTester.php(88): Behat\Gherkin\Node\AbstractNode->accept(Object(Behat\Behat\Tester\ScenarioTester))
#18 D:\RenegateBrand\functional\vendor\behat\gherkin\src\Behat\Gherkin\Node\AbstractNode.php(42): Behat\Behat\Tester\FeatureTester->visit(Object(Behat\Gherkin\Node\FeatureNode))
#19 D:\RenegateBrand\functional\vendor\behat\behat\src\Behat\Behat\Console\Command\BehatCommand.php(150): Behat\Gherkin\Node\AbstractNode->accept(Object(Behat\Behat\Tester\FeatureTester))
#20 D:\RenegateBrand\functional\vendor\behat\behat\src\Behat\Behat\Console\Command\BehatCommand.php(128): Behat\Behat\Console\Command\BehatCommand->runFeatures(Object(Behat\Gherkin\Gherkin))
#21 D:\RenegateBrand\functional\vendor\symfony\console\Symfony\Component\Console\Command\Command.php(242): Behat\Behat\Console\Command\BehatCommand->execute(Object(Symfony\Component\Console\Input\ArgvInput), Object(Symfony\Component\Console\Output\ConsoleOutput))
#22 D:\RenegateBrand\functional\vendor\symfony\console\Symfony\Component\Console\Application.php(200): Symfony\Component\Console\Command\Command->run(Object(Symfony\Component\Console\Input\ArgvInput), Object(Symfony\Component\Console\Output\ConsoleOutput))
#23 D:\RenegateBrand\functional\vendor\behat\behat\src\Behat\Behat\Console\BehatApplication.php(68): Symfony\Component\Console\Application->doRun(Object(Symfony\Component\Console\Input\ArgvInput), Object(Symfony\Component\Console\Output\ConsoleOutput))
#24 D:\RenegateBrand\functional\vendor\symfony\console\Symfony\Component\Console\Application.php(106): Behat\Behat\Console\BehatApplication->doRun(Object(Symfony\Component\Console\Input\ArgvInput), Object(Symfony\Component\Console\Output\ConsoleOutput))
#25 D:\RenegateBrand\functional\vendor\behat\behat\bin\behat(32): Symfony\Component\Console\Application->run()
#26 {main}
]]></failure>
    </testcase>
</testsuite>
