<?xml version="1.0" encoding="UTF-8"?>
<testsuite classname="behat.features" errors="0" failures="1" name="As user I want to manage my cart before Checkout" file="D:\Rubies(autoscripts)\functional\features\ShoppingCart\shoppingcart.feature" tests="80" time="318.216883">
    <testcase classname="As user I want to manage my cart before Checkout" name="Open PDP from shopping cart" time="54.830321">
    </testcase>
    <testcase classname="As user I want to manage my cart before Checkout" name="Go to Checkout link" time="51.503227">
    </testcase>
    <testcase classname="As user I want to manage my cart before Checkout" name="Go to Continue Shopping link" time="71.349926">
    </testcase>
    <testcase classname="As user I want to manage my cart before Checkout" name="Update product Qty" time="35.189854">
        <failure message="Field with uimap &quot;&lt;page_key:shopping_cart;page_url:https://prod.rubies.com/checkout/cart/;key:product_qty;type:field;fieldset:products_in_cart&gt;&quot; not found." type="failed"><![CDATA[
Field with uimap "<page_key:shopping_cart;page_url:https://prod.rubies.com/checkout/cart/;key:product_qty;type:field;fieldset:products_in_cart>" not found.

+--[ https://prod.rubies.com/checkout/cart/ | Selenium2Driver ]
|
|  <!DOCTYPE html>
|  <html xmlns="http://www.w3.org/1999/xhtml" lang="en-US"><head>
|          <script type="text/javascript" src="https://bam.nr-data.net/1/85f3bb085a?a=46392338&amp;v=1016.8b58850&amp;to=MQZSZRAFWkZWVxUMVwhMcVIWDVtbGFcJAFsNDEVFTQdVR0MbCAtcAxs%3D&amp;rst=3119&amp;ref=https://prod.rubies.com/checkout/cart/&amp;ap=1089&amp;be=1565&amp;fe=1424&amp;dc=867&amp;perf=%7B%22timing%22:%7B%22of%22:1489489797713,%22n%22:0,%22u%22:1549,%22ue%22:1551,%22f%22:2,%22dn%22:9,%22dne%22:9,%22c%22:9,%22ce%22:9,%22rq%22:9,%22rp%22:1339,%22rpe%22:1757,%22dl%22:1549,%22di%22:2408,%22ds%22:2432,%22de%22:2433,%22dc%22:2989,%22l%22:2989,%22le%22:3048%7D,%22navigation%22:%7B%7D%7D&amp;at=HUFRE1gfSUg%3D&amp;jsonp=NREUM.setToken"></script><script src="https://js-agent.newrelic.com/nr-1016.min.js"></script><script async="" src="//www.google-analytics.com/analytics.js"></script><script>
|      var require = {
|          "baseUrl": "https://static.rubies.com/pub/static/version1489464269/frontend/Rubies/default...
|  
]]></failure>
    </testcase>
    <testcase classname="As user I want to manage my cart before Checkout" name="Remove item from cart" time="58.343464">
    </testcase>
    <testcase classname="As user I want to manage my cart before Checkout" name="Save for later item from cart" time="45.989062">
    </testcase>
</testsuite>
