<?xml version="1.0" encoding="UTF-8"?>
<testsuite classname="behat.features" errors="0" failures="1" name="As user I want to manage my cart before Checkout" file="D:\Rubies(autoscripts)\functional\features\ShoppingCart\shoppingcart.feature" tests="80" time="313.586936">
    <testcase classname="As user I want to manage my cart before Checkout" name="Open PDP from shopping cart" time="49.304821">
    </testcase>
    <testcase classname="As user I want to manage my cart before Checkout" name="Go to Checkout link" time="50.494888">
    </testcase>
    <testcase classname="As user I want to manage my cart before Checkout" name="Go to Continue Shopping link" time="71.030063">
    </testcase>
    <testcase classname="As user I want to manage my cart before Checkout" name="Update product Qty" time="35.097008">
        <failure message="Field with uimap &quot;&lt;page_key:shopping_cart;page_url:https://prod.rubies.com/checkout/cart/;key:product_qty;type:field;fieldset:products_in_cart&gt;&quot; not found." type="failed"><![CDATA[
Field with uimap "<page_key:shopping_cart;page_url:https://prod.rubies.com/checkout/cart/;key:product_qty;type:field;fieldset:products_in_cart>" not found.

+--[ https://prod.rubies.com/checkout/cart/ | Selenium2Driver ]
|
|  <!DOCTYPE html>
|  <html xmlns="http://www.w3.org/1999/xhtml" lang="en-US"><head>
|          <script type="text/javascript" src="https://bam.nr-data.net/1/85f3bb085a?a=46392338&amp;v=1016.8b58850&amp;to=MQZSZRAFWkZWVxUMVwhMcVIWDVtbGFcJAFsNDEVFTQdVR0MbCAtcAxs%3D&amp;rst=3210&amp;ref=https://prod.rubies.com/checkout/cart/&amp;ap=1242&amp;be=1700&amp;fe=1385&amp;dc=832&amp;perf=%7B%22timing%22:%7B%22of%22:1488539771698,%22n%22:0,%22u%22:1686,%22ue%22:1688,%22f%22:2,%22dn%22:10,%22dne%22:10,%22c%22:10,%22ce%22:10,%22rq%22:10,%22rp%22:1489,%22rpe%22:1880,%22dl%22:1686,%22di%22:2504,%22ds%22:2533,%22de%22:2534,%22dc%22:3086,%22l%22:3086,%22le%22:3142%7D,%22navigation%22:%7B%7D%7D&amp;at=HUFRE1gfSUg%3D&amp;jsonp=NREUM.setToken"></script><script src="https://js-agent.newrelic.com/nr-1016.min.js"></script><script async="" src="//www.google-analytics.com/analytics.js"></script><script>
|      var require = {
|          "baseUrl": "https://static.rubies.com/pub/static/version1488434831/frontend/Rubies/de...
|  
]]></failure>
    </testcase>
    <testcase classname="As user I want to manage my cart before Checkout" name="Remove item from cart" time="59.456400">
    </testcase>
    <testcase classname="As user I want to manage my cart before Checkout" name="Save for later item from cart" time="47.219700">
    </testcase>
</testsuite>
