<?xml version="1.0" encoding="UTF-8"?>
<testsuite classname="behat.features" errors="0" failures="1" name="As a registered user I want to log in to the website" file="D:\Rubies(autoscripts)\functional\features\RegistrationAndLogin_RB\UserLogin.feature" tests="30" time="132.572583">
    <testcase classname="As a registered user I want to log in to the website" name="User login  with correct data" time="25.254445">
    </testcase>
    <testcase classname="As a registered user I want to log in to the website" name="User login with wrong password" time="11.421654">
    </testcase>
    <testcase classname="As a registered user I want to log in to the website" name="User login with empty fields (form validation)" time="8.058461">
    </testcase>
    <testcase classname="As a registered user I want to log in to the website" name="User logout and login as another user (cache validation)" time="78.695501">
        <failure message="The text &quot;kkatekoss1@gmail.com&quot; was not found anywhere in the text of the current page." type="failed"><![CDATA[
The text "kkatekoss1@gmail.com" was not found anywhere in the text of the current page.

+--[ https://prod.rubies.com/customer/account/login/ | Selenium2Driver ]
|
|  Dealer Log In Where to Buy Cart Shop Products Catalogs Invalid login or password. Dealer Login Email Password Remember Me What's this? LOG IN Forgot Your Password? Don't Have an Account? Rubie's does not sell our products directly to the public. Request an account to become a dealer. Rubie's will contact you with account information. Login and order online. RUBIE'S FAMILY OF COMPANIES Forum Novelties Leading manufacturer and distributor of costumes, accessories, décor, jokes, novelties, magic and party items.   Imagine by Rubie's Licensed and non-licensed dress-up costumes and accessories for children for every day play. Princess Paradise A leader in deluxe children’s costumes for over 30 years. Princess Paradise excels in creative designs, premium fabrics and quality construction. Highest Heel A premier designer and distributor of footwear in the fashion, costume, sexy and rave categories.   Charades A comprehensive collection of licensed and non-licensed deluxe quality replica cos...
|  
]]></failure>
    </testcase>
    <testcase classname="As a registered user I want to log in to the website" name="User is redirected to the Registration form from Login page" time="5.815333">
    </testcase>
</testsuite>
