<?xml version="1.0" encoding="UTF-8"?>
<testsuite classname="behat.features" errors="0" failures="1" name="As a user I want to be able to add products to cart" file="D:\Rubies(autoscripts)\functional\features\AddToCart\AddToBag.feature" tests="33" time="114.039625">
    <testcase classname="As a user I want to be able to add products to cart" name="Add product configurable with qty = 1 to cart" time="41.571284">
    </testcase>
    <testcase classname="As a user I want to be able to add products to cart" name="Add product configurable with qty = 0 to cart" time="34.190167">
    </testcase>
    <testcase classname="As a user I want to be able to add products to cart" name="Add  simple product with q-ty = 5" time="35.745167">
    </testcase>
    <testcase classname="As a user I want to be able to add products to cart" name="Add product from PLP to cart" time="2.243006">
        <failure message="Could not evaluate CSS selector: &quot;//img[@alt='Test Costume']&quot;" type="failed"><![CDATA[
exception 'InvalidArgumentException' with message 'Could not evaluate CSS selector: "//img[@alt='Test Costume']"' in D:\Rubies(autoscripts)\functional\features\bootstrap\FeatureContext.php:402
Stack trace:
#0 [internal function]: FeatureContext->iHoverOverTheElement('//img[@alt='Tes...')
#1 D:\Rubies(autoscripts)\functional\vendor\behat\behat\src\Behat\Behat\Definition\Annotation\Definition.php(155): call_user_func_array(Array, Array)
#2 D:\Rubies(autoscripts)\functional\vendor\behat\behat\src\Behat\Behat\Tester\StepTester.php(157): Behat\Behat\Definition\Annotation\Definition->run(Object(FeatureContext))
#3 D:\Rubies(autoscripts)\functional\vendor\behat\behat\src\Behat\Behat\Tester\StepTester.php(126): Behat\Behat\Tester\StepTester->executeStepDefinition(Object(Behat\Gherkin\Node\StepNode), Object(Behat\Behat\Definition\Annotation\When))
#4 D:\Rubies(autoscripts)\functional\vendor\behat\behat\src\Behat\Behat\Tester\StepTester.php(95): Behat\Behat\Tester\StepTester->executeStep(Object(Behat\Gherkin\Node\StepNode))
#5 D:\Rubies(autoscripts)\functional\vendor\behat\gherkin\src\Behat\Gherkin\Node\AbstractNode.php(42): Behat\Behat\Tester\StepTester->visit(Object(Behat\Gherkin\Node\StepNode))
#6 D:\Rubies(autoscripts)\functional\vendor\behat\behat\src\Behat\Behat\Tester\ScenarioTester.php(148): Behat\Gherkin\Node\AbstractNode->accept(Object(Behat\Behat\Tester\StepTester))
#7 D:\Rubies(autoscripts)\functional\vendor\behat\behat\src\Behat\Behat\Tester\ScenarioTester.php(87): Behat\Behat\Tester\ScenarioTester->visitStep(Object(Behat\Gherkin\Node\StepNode), Object(Behat\Gherkin\Node\ScenarioNode), Object(FeatureContext), Array, false)
#8 D:\Rubies(autoscripts)\functional\vendor\behat\gherkin\src\Behat\Gherkin\Node\AbstractNode.php(42): Behat\Behat\Tester\ScenarioTester->visit(Object(Behat\Gherkin\Node\ScenarioNode))
#9 D:\Rubies(autoscripts)\functional\vendor\behat\behat\src\Behat\Behat\Tester\FeatureTester.php(88): Behat\Gherkin\Node\AbstractNode->accept(Object(Behat\Behat\Tester\ScenarioTester))
#10 D:\Rubies(autoscripts)\functional\vendor\behat\gherkin\src\Behat\Gherkin\Node\AbstractNode.php(42): Behat\Behat\Tester\FeatureTester->visit(Object(Behat\Gherkin\Node\FeatureNode))
#11 D:\Rubies(autoscripts)\functional\vendor\behat\behat\src\Behat\Behat\Console\Command\BehatCommand.php(150): Behat\Gherkin\Node\AbstractNode->accept(Object(Behat\Behat\Tester\FeatureTester))
#12 D:\Rubies(autoscripts)\functional\vendor\behat\behat\src\Behat\Behat\Console\Command\BehatCommand.php(128): Behat\Behat\Console\Command\BehatCommand->runFeatures(Object(Behat\Gherkin\Gherkin))
#13 D:\Rubies(autoscripts)\functional\vendor\symfony\console\Symfony\Component\Console\Command\Command.php(242): Behat\Behat\Console\Command\BehatCommand->execute(Object(Symfony\Component\Console\Input\ArgvInput), Object(Symfony\Component\Console\Output\ConsoleOutput))
#14 D:\Rubies(autoscripts)\functional\vendor\symfony\console\Symfony\Component\Console\Application.php(200): Symfony\Component\Console\Command\Command->run(Object(Symfony\Component\Console\Input\ArgvInput), Object(Symfony\Component\Console\Output\ConsoleOutput))
#15 D:\Rubies(autoscripts)\functional\vendor\behat\behat\src\Behat\Behat\Console\BehatApplication.php(68): Symfony\Component\Console\Application->doRun(Object(Symfony\Component\Console\Input\ArgvInput), Object(Symfony\Component\Console\Output\ConsoleOutput))
#16 D:\Rubies(autoscripts)\functional\vendor\symfony\console\Symfony\Component\Console\Application.php(106): Behat\Behat\Console\BehatApplication->doRun(Object(Symfony\Component\Console\Input\ArgvInput), Object(Symfony\Component\Console\Output\ConsoleOutput))
#17 D:\Rubies(autoscripts)\functional\vendor\behat\behat\bin\behat(32): Symfony\Component\Console\Application->run()
#18 {main}
]]></failure>
    </testcase>
</testsuite>
