<?xml version="1.0" encoding="UTF-8"?>
<testsuite classname="behat.features" errors="0" failures="0" name="As a user I want to be able to do shopping list activity" file="D:\Rubies(autoscripts)\functional\features\ShoppingList\shopping_list.feature" tests="7" time="35.701042">
    <testcase classname="As a user I want to be able to do shopping list activity" name="Customer create Shopping list from shopping list page" time="35.696041">
    </testcase>
</testsuite>
